<?xml version="1.0" encoding="UTF-8"?>
<!-- Generated by org.testng.reporters.JUnitReportReporter -->
<testsuite hostname="DESKTOP-L12U9K0" failures="0" tests="1" name="test.LoginWithPageFactory" time="23.328" errors="0" timestamp="24 Jan 2021 13:18:09 GMT">
  <testcase classname="test.LoginWithPageFactory" name="test_add_product_to_cart" time="23.328"/>
</testsuite> <!-- test.LoginWithPageFactory -->
